<?xml version="1.0" encoding="UTF-8"?>
<!-- Generated by org.testng.reporters.JUnitReportReporter -->
<testsuite hostname="DESKTOP-FMIMKLK" failures="0" tests="1" name="com.test.AddCreditCardTest" time="6.589" errors="0" timestamp="7 Oct 2021 17:39:28 GMT">
  <testcase classname="com.test.AddCreditCardTest" name="addCreditCardWithInvalidCVVNumber" time="6.589"/>
</testsuite> <!-- com.test.AddCreditCardTest -->
