<?xml version="1.0" encoding="UTF-8"?>
<!-- Generated by org.testng.reporters.JUnitReportReporter -->
<testsuite hostname="DESKTOP-FMIMKLK" failures="0" tests="8" name="com.test.MakePaymentWithProfileTest" time="19.997" errors="0" timestamp="11 Oct 2021 16:24:56 GMT">
  <testcase classname="com.test.MakePaymentWithProfileTest" name="makePaymentWithProfileExpiredAuthentication" time="1.529"/>
  <testcase classname="com.test.MakePaymentWithProfileTest" name="makePaymentWithProfileInvalidCard" time="1.604"/>
  <testcase classname="com.test.MakePaymentWithProfileTest" name="makePaymentWithProfilePastData" time="1.608"/>
  <testcase classname="com.test.MakePaymentWithProfileTest" name="makePaymentWithProfileInvalidCVV" time="1.582"/>
  <testcase classname="com.test.MakePaymentWithProfileTest" name="makePaymentWithProfileNegativeAmount" time="1.576"/>
  <testcase classname="com.test.MakePaymentWithProfileTest" name="makePaymentWithProfile" time="9.163"/>
  <testcase classname="com.test.MakePaymentWithProfileTest" name="makePaymentWithProfileNoAuthentication" time="1.396"/>
  <testcase classname="com.test.MakePaymentWithProfileTest" name="makePaymentWithProfileInvalidAmount" time="1.539"/>
</testsuite> <!-- com.test.MakePaymentWithProfileTest -->
