<?xml version="1.0" encoding="UTF-8"?>
<!-- Generated by org.testng.reporters.JUnitReportReporter -->
<testsuite hostname="DESKTOP-FMIMKLK" failures="0" tests="2" name="com.test.UpdateCreditCardTest" time="8.958" errors="0" timestamp="7 Oct 2021 17:58:11 GMT">
  <testcase classname="com.test.UpdateCreditCardTest" name="updateCreditCardWithPastDate" time="2.209"/>
  <testcase classname="com.test.UpdateCreditCardTest" name="updateCreditCardWithExpiredToken" time="6.749"/>
</testsuite> <!-- com.test.UpdateCreditCardTest -->
