<?xml version="1.0" encoding="UTF-8"?>
<!-- Generated by org.testng.reporters.JUnitReportReporter -->
<testsuite hostname="DESKTOP-FMIMKLK" failures="0" tests="2" name="com.test.MakePaymentNoProfileTest" time="7.694" errors="0" timestamp="7 Oct 2021 18:30:21 GMT">
  <testcase classname="com.test.MakePaymentNoProfileTest" name="makePaymentWithInvalidNegativeAmount" time="1.448"/>
  <testcase classname="com.test.MakePaymentNoProfileTest" name="makePaymentWithInvalidAmount" time="6.246"/>
</testsuite> <!-- com.test.MakePaymentNoProfileTest -->
