<?xml version="1.0" encoding="UTF-8"?>
<!-- Generated by org.testng.reporters.JUnitReportReporter -->
<testsuite hostname="DESKTOP-FMIMKLK" failures="0" tests="4" name="com.test.CreditCardTest" time="15.618" errors="0" timestamp="27 Sep 2021 17:39:11 GMT">
  <testcase classname="com.test.CreditCardTest" name="addCreditCard" time="4.749"/>
  <testcase classname="com.test.CreditCardTest" name="refundPayment" time="3.440"/>
  <testcase classname="com.test.CreditCardTest" name="getCreditCardDetailsByProfileID" time="2.091"/>
  <testcase classname="com.test.CreditCardTest" name="makePaymentWithProfile" time="5.338"/>
</testsuite> <!-- com.test.CreditCardTest -->
