<?xml version="1.0" encoding="UTF-8"?>
<!-- Generated by org.testng.reporters.JUnitReportReporter -->
<testsuite hostname="DESKTOP-FMIMKLK" failures="0" tests="1" name="com.pages.TokenTest" time="5.855" errors="0" timestamp="23 Sep 2021 15:46:30 GMT">
  <testcase classname="com.pages.TokenTest" name="getValidTokens" time="5.855"/>
</testsuite> <!-- com.pages.TokenTest -->
